          A  0000166                                                  
          B  0000170                                                  
          C  0000165                                                  
          D  0000149                                                  
          E  0000163                                                  
          F  0000161                                                  
          G  0000147                                                  
          H  0000150                                                  
          I  0000158                                                  
          J  0000159                                                  
          K  0000163                                                  
          L  0000152                                                  
          M  0000181                                                  
          N  0000179                                                  
          O  0000153                                                  
          P  0000157                                                  
          Q  0000134                                                  
          R  0000157                                                  
          S  0000150                                                  
          T  0000143                                                  
          U  0000165                                                  
          V  0000154                                                  
          W  0000159                                                  
          X  0000159                                                  
          Y  0000131                                                  
          Z  0000164                                                  
          0  0000158                                                  
          1  0000137                                                  
          2  0000114                                                  
          3  0000153                                                  
          4  0000153                                                  
          5  0000148                                                  
          6  0000178                                                  
          7  0000162                                                  
          8  0000155                                                  
          9  0000142                                                  
          .  0000169                                                  
          (  0000159                                                  
          )  0000142                                                  
          +  0000157                                                  
          -  0000169                                                  
          /  0000136                                                  
          =  0000137                                                  
          $  0000169                                                  
          <  0000143                                                  
          >  0000158                                                  
          @  0000153                                                  
          ;  0000276                                                  
          :  0000149                                                  
          '  0000162                                                  
