     09   APRIL,    01950                                                                                               
     25   MARCH,    01951                                                                                               
     13   APRIL,    01952                                                                                               
     05   APRIL,    01953                                                                                               
     18   APRIL,    01954                                                                                               
     10   APRIL,    01955                                                                                               
     01   APRIL,    01956                                                                                               
     21   APRIL,    01957                                                                                               
     06   APRIL,    01958                                                                                               
     29   MARCH,    01959                                                                                               
     17   APRIL,    01960                                                                                               
     02   APRIL,    01961                                                                                               
     22   APRIL,    01962                                                                                               
     14   APRIL,    01963                                                                                               
     29   MARCH,    01964                                                                                               
     18   APRIL,    01965                                                                                               
     10   APRIL,    01966                                                                                               
     26   MARCH,    01967                                                                                               
     14   APRIL,    01968                                                                                               
     06   APRIL,    01969                                                                                               
     29   MARCH,    01970                                                                                               
     11   APRIL,    01971                                                                                               
     02   APRIL,    01972                                                                                               
     22   APRIL,    01973                                                                                               
     14   APRIL,    01974                                                                                               
     30   MARCH,    01975                                                                                               
     18   APRIL,    01976                                                                                               
     10   APRIL,    01977                                                                                               
     26   MARCH,    01978                                                                                               
     15   APRIL,    01979                                                                                               
     06   APRIL,    01980                                                                                               
     19   APRIL,    01981                                                                                               
     11   APRIL,    01982                                                                                               
     03   APRIL,    01983                                                                                               
     22   APRIL,    01984                                                                                               
     07   APRIL,    01985                                                                                               
     30   MARCH,    01986                                                                                               
     19   APRIL,    01987                                                                                               
     03   APRIL,    01988                                                                                               
     26   MARCH,    01989                                                                                               
     15   APRIL,    01990                                                                                               
     31   MARCH,    01991                                                                                               
     19   APRIL,    01992                                                                                               
     11   APRIL,    01993                                                                                               
     03   APRIL,    01994                                                                                               
     16   APRIL,    01995                                                                                               
     07   APRIL,    01996                                                                                               
     30   MARCH,    01997                                                                                               
     12   APRIL,    01998                                                                                               
     04   APRIL,    01999                                                                                               
     23   APRIL,    02000                                                                                               
LOC  REGJ OP    ADDR,I(FD) C O        REGA           REGX        REG1      REG2      REG3      REG4      REG5      REG6 
3367 3367 JMP  +0308,0(00) C O    +0000000000    +0000003368    +0000     +0000     +0000     +0000     +0000     +0000 
3085 3368 STJ  +0309,0(02) C O    +0000000000    +0000003368    +0000     +0000     +0000     +0000     +0000     +0000 
3086 3368 ADRX +0195,0(02) C O    +0000000000    +0000003368    +0000     +0000     +0000     +0000     +0000     +0000 
3087 3368 ADR6 -0005,0(02) C O    +0000000000    +0000001950    +0000     +0000     +0000     +0000     +0000     +0000 
3088 3368 JMP  +0300,0(00) C O    +0000000000    +0000001950    +0000     +0000     +0000     +0000     +0000     -0050 
3000 3089 STJ  +0305,0(02) C O    +0000000000    +0000001950    +0000     +0000     +0000     +0000     +0000     -0050 
3001 3089 STX  +0347,0(05) C O    +0000000000    +0000001950    +0000     +0000     +0000     +0000     +0000     -0050 
3002 3089 ADRA +0000,0(02) C O    +0000000000    +0000001950    +0000     +0000     +0000     +0000     +0000     -0050 
3003 3089 DIV  +0347,0(05) C O    +0000000000    +0000001950    +0000     +0000     +0000     +0000     +0000     -0050 
3004 3089 STX  +0301,0(02) C O    +0000000102    +0000000012    +0000     +0000     +0000     +0000     +0000     -0050 
3005 3089 LDA  +0347,0(05) C O    +0000000102    +0000000012    +0000     +0000     +0000     +0000     +0000     -0050 
3006 3089 MUL  +0347,0(05) C O    +0000001950    +0000000012    +0000     +0000     +0000     +0000     +0000     -0050 
3007 3089 ADRA +0006,0(00) C O    +0000000019    +0536872394    +0000     +0000     +0000     +0000     +0000     -0050 
3008 3089 STA  +0301,0(10) C O    +0000000080    +0536872394    +0000     +0000     +0000     +0000     +0000     -0050 
3009 3089 MUL  +0348,0(05) C O    +0000000080    +0536872394    +0000     +0000     +0000     +0000     +0000     -0050 
3010 3089 STA  +0302,0(10) C O    +0000000060    +0000000080    +0000     +0000     +0000     +0000     +0000     -0050 
3011 3089 ADRA +0008,0(02) C O    +0000000060    +0000000080    +0000     +0000     +0000     +0000     +0000     -0050 
3012 3089 MUL  +0348,0(05) C O    +0000000080    +0000000080    +0000     +0000     +0000     +0000     +0000     -0050 
3013 3089 ADR2 +0001,0(02) C O    +0000000025    +0644245120    +0000     +0000     +0000     +0000     +0000     -0050 
3014 3089 ADR1 +0000,2(02) C O    +0000000025    +0644245120    +0000     +0012     +0000     +0000     +0000     -0050 
3015 3089 ADR2 +0000,1(00) C O    +0000000025    +0644245120    +0013     +0012     +0000     +0000     +0000     -0050 
3016 3089 ADR2 +0000,2(00) C O    +0000000025    +0644245120    +0013     +0026     +0000     +0000     +0000     -0050 
3017 3089 ADR2 +0000,1(00) C O    +0000000025    +0644245120    +0013     +0052     +0000     +0000     +0000     -0050 
3018 3089 ADR2 +0000,2(00) C O    +0000000025    +0644245120    +0013     +0065     +0000     +0000     +0000     -0050 
3019 3089 ADR2 +0077,1(00) C O    +0000000025    +0644245120    +0013     +0130     +0000     +0000     +0000     -0050 
3020 3089 ADRA -0006,2(00) C O    +0000000025    +0644245120    +0013     +0916     +0000     +0000     +0000     -0050 
3021 3089 SH   +0000,0(03) C O    +0000000881    +0644245120    +0013     +0916     +0000     +0000     +0000     -0050 
3022 3089 DIV  +0348,0(05) C O    +0000000000    +0000000881    +0013     +0916     +0000     +0000     +0000     -0050 
3023 3089 ADRX +0002,0(01) C O    +0000000029    +0000000011    +0013     +0916     +0000     +0000     +0000     -0050 
3024 3089 JX   +0303,0(00) C O    +0000000029    -0000000013    +0013     +0916     +0000     +0000     +0000     -0050 
3032 3025 STX  +0303,0(02) C O    +0000000029    -0000000013    +0013     +0916     +0000     +0000     +0000     -0050 
3033 3025 LDA  +0347,0(05) C O    +0000000029    -0000000013    +0013     +0916     +0000     +0000     +0000     -0050 
3034 3025 MUL  +0348,0(05) C O    +0000001950    -0000000013    +0013     +0916     +0000     +0000     +0000     -0050 
3035 3025 ADD  +0347,0(05) C O    +0000000487    +0536872862    +0013     +0916     +0000     +0000     +0000     -0050 
3036 3025 SUB  +0302,0(10) C O    +0000002437    +0536872862    +0013     +0916     +0000     +0000     +0000     -0050 
3037 3025 ADR1 -0001,0(03) C O    +0000002377    +0536872862    +0013     +0916     +0000     +0000     +0000     -0050 
3038 3025 ADRA +0006,1(00) C O    +0000002377    +0536872862    +0013     +0916     +0000     +0000     +0000     -0050 
3039 3025 SH   +0000,0(03) C O    +0000002457    +0536872862    +0013     +0916     +0000     +0000     +0000     -0050 
3040 3025 DIV  +0348,0(05) C O    +0000000000    +0000002457    +0013     +0916     +0000     +0000     +0000     -0050 
3041 3025 SH   +0000,0(02) C O    +0000000351    +0000000000    +0013     +0916     +0000     +0000     +0000     -0050 
3042 3025 ADRA -0000,1(01) C O    +0000000000    +0000000000    +0013     +0916     +0000     +0000     +0000     -0050 
3043 3025 JA   +0304,0(00) C O    -0000000009    +0000000000    +0013     +0916     +0000     +0000     +0000     -0050 
3048 3044 SPEC +0000,0(01) C O    -0000000009    +0000000000    +0013     +0916     +0000     +0000     +0000     -0050 
3049 3044 LDA  +0305,0(05) C O    -0511305630    +0511305639    +0013     +0916     +0000     +0000     +0000     -0050 
3050 3044 JBUS +0305,0(18) C O    +0021312077    +0511305639    +0013     +0916     +0000     +0000     +0000     -0050 
3051 3044 STA  +0306,0(05) C O    +0021312077    +0511305639    +0013     +0916     +0000     +0000     +0000     -0050 
3052 3044 STX  +0306,0(10) C O    +0021312077    +0511305639    +0013     +0916     +0000     +0000     +0000     -0050 
3053 3044 LDA  +0347,0(05) C O    +0021312077    +0511305639    +0013     +0916     +0000     +0000     +0000     -0050 
3054 3044 SPEC +0000,0(01) C O    +0000001950    +0511305639    +0013     +0916     +0000     +0000     +0000     -0050 
3055 3044 STX  +0306,0(05) C O    +0511305630    +0511604958    +0013     +0916     +0000     +0000     +0000     -0050 
3056 3044 OUT  +0306,0(18) C O    +0511305630    +0511604958    +0013     +0916     +0000     +0000     +0000     -0050 
3057 3044 JMP  +0308,0(00) C O    +0511305630    +0511604958    +0013     +0916     +0000     +0000     +0000     -0050 
3089 3058 ADR6 +0000,0(00) C O    +0511305630    +0511604958    +0013     +0916     +0000     +0000     +0000     -0050 
3090 3058 ADRX +0200,6(02) C O    +0511305630    +0511604958    +0013     +0916     +0000     +0000     +0000     -0049 
3091 3058 J6   +0300,0(05) C O    +0511305630    +0000001951    +0013     +0916     +0000     +0000     +0000     -0049 
3001 3092 STX  +0347,0(05) C O    +0511305630    +0000001951    +0013     +0916     +0000     +0000     +0000     -0049 
3002 3092 ADRA +0000,0(02) C O    +0511305630    +0000001951    +0013     +0916     +0000     +0000     +0000     -0049 
3003 3092 DIV  +0347,0(05) C O    +0000000000    +0000001951    +0013     +0916     +0000     +0000     +0000     -0049 
3004 3092 STX  +0301,0(02) C O    +0000000102    +0000000013    +0013     +0916     +0000     +0000     +0000     -0049 
3005 3092 LDA  +0347,0(05) C O    +0000000102    +0000000013    +0013     +0916     +0000     +0000     +0000     -0049 
3006 3092 MUL  +0347,0(05) C O    +0000001951    +0000000013    +0013     +0916     +0000     +0000     +0000     -0049 
3007 3092 ADRA +0006,0(00) C O    +0000000019    +0547609813    +0013     +0916     +0000     +0000     +0000     -0049 
3008 3092 STA  +0301,0(10) C O    +0000000080    +0547609813    +0013     +0916     +0000     +0000     +0000     -0049 
3009 3092 MUL  +0348,0(05) C O    +0000000080    +0547609813    +0013     +0916     +0000     +0000     +0000     -0049 
3010 3092 STA  +0302,0(10) C O    +0000000060    +0000000080    +0013     +0916     +0000     +0000     +0000     -0049 
3011 3092 ADRA +0008,0(02) C O    +0000000060    +0000000080    +0013     +0916     +0000     +0000     +0000     -0049 
3012 3092 MUL  +0348,0(05) C O    +0000000080    +0000000080    +0013     +0916     +0000     +0000     +0000     -0049 
3013 3092 ADR2 +0001,0(02) C O    +0000000025    +0644245120    +0013     +0916     +0000     +0000     +0000     -0049 
3014 3092 ADR1 +0000,2(02) C O    +0000000025    +0644245120    +0013     +0013     +0000     +0000     +0000     -0049 
3015 3092 ADR2 +0000,1(00) C O    +0000000025    +0644245120    +0014     +0013     +0000     +0000     +0000     -0049 
3016 3092 ADR2 +0000,2(00) C O    +0000000025    +0644245120    +0014     +0028     +0000     +0000     +0000     -0049 
3017 3092 ADR2 +0000,1(00) C O    +0000000025    +0644245120    +0014     +0056     +0000     +0000     +0000     -0049 
3018 3092 ADR2 +0000,2(00) C O    +0000000025    +0644245120    +0014     +0070     +0000     +0000     +0000     -0049 
3019 3092 ADR2 +0077,1(00) C O    +0000000025    +0644245120    +0014     +0140     +0000     +0000     +0000     -0049 
3020 3092 ADRA -0006,2(00) C O    +0000000025    +0644245120    +0014     +0927     +0000     +0000     +0000     -0049 
3021 3092 SH   +0000,0(03) C O    +0000000892    +0644245120    +0014     +0927     +0000     +0000     +0000     -0049 
3022 3092 DIV  +0348,0(05) C O    +0000000000    +0000000892    +0014     +0927     +0000     +0000     +0000     -0049 
3023 3092 ADRX +0002,0(01) C O    +0000000029    +0000000022    +0014     +0927     +0000     +0000     +0000     -0049 
3024 3092 JX   +0303,0(00) C O    +0000000029    -0000000002    +0014     +0927     +0000     +0000     +0000     -0049 
3032 3025 STX  +0303,0(02) C O    +0000000029    -0000000002    +0014     +0927     +0000     +0000     +0000     -0049 
3033 3025 LDA  +0347,0(05) C O    +0000000029    -0000000002    +0014     +0927     +0000     +0000     +0000     -0049 
3034 3025 MUL  +0348,0(05) C O    +0000001951    -0000000002    +0014     +0927     +0000     +0000     +0000     -0049 
3035 3025 ADD  +0347,0(05) C O    +0000000487    +0805308319    +0014     +0927     +0000     +0000     +0000     -0049 
3036 3025 SUB  +0302,0(10) C O    +0000002438    +0805308319    +0014     +0927     +0000     +0000     +0000     -0049 
3037 3025 ADR1 -0000,0(03) C O    +0000002378    +0805308319    +0014     +0927     +0000     +0000     +0000     -0049 
3038 3025 ADRA +0006,1(00) C O    +0000002378    +0805308319    +0002     +0927     +0000     +0000     +0000     -0049 
3039 3025 SH   +0000,0(03) C O    +0000002447    +0805308319    +0002     +0927     +0000     +0000     +0000     -0049 
3040 3025 DIV  +0348,0(05) C O    +0000000000    +0000002447    +0002     +0927     +0000     +0000     +0000     -0049 
3041 3025 SH   +0000,0(02) C O    +0000000349    +0000000004    +0002     +0927     +0000     +0000     +0000     -0049 
3042 3025 ADRA -0000,1(01) C O    +0000000004    +0000000000    +0002     +0927     +0000     +0000     +0000     -0049 
3043 3025 JA   +0304,0(00) C O    +0000000006    +0000000000    +0002     +0927     +0000     +0000     +0000     -0049 
3044 3025 ADRA +0003,0(01) C O    +0000000006    +0000000000    +0002     +0927     +0000     +0000     +0000     -0049 
3045 3025 SPEC +0000,0(01) C O    -0000000025    +0000000000    +0002     +0927     +0000     +0000     +0000     -0049 
3046 3025 LDA  +0305,0(05) C O    -0511305630    +0511305763    +0002     +0927     +0000     +0000     +0000     -0049 
3047 3025 JMP  +0305,0(00) C O    +0235221192    +0511305763    +0002     +0927     +0000     +0000     +0000     -0049 
3050 3048 JBUS +0305,0(18) C O    +0235221192    +0511305763    +0002     +0927     +0000     +0000     +0000     -0049 
3051 3048 STA  +0306,0(05) C O    +0235221192    +0511305763    +0002     +0927     +0000     +0000     +0000     -0049 
3052 3048 STX  +0306,0(10) C O    +0235221192    +0511305763    +0002     +0927     +0000     +0000     +0000     -0049 
3053 3048 LDA  +0347,0(05) C O    +0235221192    +0511305763    +0002     +0927     +0000     +0000     +0000     -0049 
3054 3048 SPEC +0000,0(01) C O    +0000001951    +0511305763    +0002     +0927     +0000     +0000     +0000     -0049 
3055 3048 STX  +0306,0(05) C O    +0511305630    +0511604959    +0002     +0927     +0000     +0000     +0000     -0049 
3056 3048 OUT  +0306,0(18) C O    +0511305630    +0511604959    +0002     +0927     +0000     +0000     +0000     -0049 
3057 3048 JMP  +0308,0(00) C O    +0511305630    +0511604959    +0002     +0927     +0000     +0000     +0000     -0049 
3089 3058 ADR6 +0000,0(00) C O    +0511305630    +0511604959    +0002     +0927     +0000     +0000     +0000     -0049 
3090 3058 ADRX +0200,6(02) C O    +0511305630    +0511604959    +0002     +0927     +0000     +0000     +0000     -0048 
3091 3058 J6   +0300,0(05) C O    +0511305630    +0000001952    +0002     +0927     +0000     +0000     +0000     -0048 
3001 3092 STX  +0347,0(05) C O    +0511305630    +0000001952    +0002     +0927     +0000     +0000     +0000     -0048 
3002 3092 ADRA +0000,0(02) C O    +0511305630    +0000001952    +0002     +0927     +0000     +0000     +0000     -0048 
3003 3092 DIV  +0347,0(05) C O    +0000000000    +0000001952    +0002     +0927     +0000     +0000     +0000     -0048 
3004 3092 STX  +0301,0(02) C O    +0000000102    +0000000014    +0002     +0927     +0000     +0000     +0000     -0048 
3005 3092 LDA  +0347,0(05) C O    +0000000102    +0000000014    +0002     +0927     +0000     +0000     +0000     -0048 
3006 3092 MUL  +0347,0(05) C O    +0000001952    +0000000014    +0002     +0927     +0000     +0000     +0000     -0048 
3007 3092 ADRA +0006,0(00) C O    +0000000019    +0558347232    +0002     +0927     +0000     +0000     +0000     -0048 
3008 3092 STA  +0301,0(10) C O    +0000000080    +0558347232    +0002     +0927     +0000     +0000     +0000     -0048 
3009 3092 MUL  +0348,0(05) C O    +0000000080    +0558347232    +0002     +0927     +0000     +0000     +0000     -0048 
3010 3092 STA  +0302,0(10) C O    +0000000060    +0000000080    +0002     +0927     +0000     +0000     +0000     -0048 
3011 3092 ADRA +0008,0(02) C O    +0000000060    +0000000080    +0002     +0927     +0000     +0000     +0000     -0048 
3012 3092 MUL  +0348,0(05) C O    +0000000080    +0000000080    +0002     +0927     +0000     +0000     +0000     -0048 
3013 3092 ADR2 +0001,0(02) C O    +0000000025    +0644245120    +0002     +0927     +0000     +0000     +0000     -0048 
3014 3092 ADR1 +0000,2(02) C O    +0000000025    +0644245120    +0002     +0014     +0000     +0000     +0000     -0048 
3015 3092 ADR2 +0000,1(00) C O    +0000000025    +0644245120    +0015     +0014     +0000     +0000     +0000     -0048 
3016 3092 ADR2 +0000,2(00) C O    +0000000025    +0644245120    +0015     +0030     +0000     +0000     +0000     -0048 
3017 3092 ADR2 +0000,1(00) C O    +0000000025    +0644245120    +0015     +0060     +0000     +0000     +0000     -0048 
3018 3092 ADR2 +0000,2(00) C O    +0000000025    +0644245120    +0015     +0075     +0000     +0000     +0000     -0048 
3019 3092 ADR2 +0077,1(00) C O    +0000000025    +0644245120    +0015     +0150     +0000     +0000     +0000     -0048 
3020 3092 ADRA -0006,2(00) C O    +0000000025    +0644245120    +0015     +0938     +0000     +0000     +0000     -0048 
3021 3092 SH   +0000,0(03) C O    +0000000903    +0644245120    +0015     +0938     +0000     +0000     +0000     -0048 
3022 3092 DIV  +0348,0(05) C O    +0000000000    +0000000903    +0015     +0938     +0000     +0000     +0000     -0048 
3023 3092 ADRX +0002,0(01) C O    +0000000030    +0000000003    +0015     +0938     +0000     +0000     +0000     -0048 
3024 3092 JX   +0303,0(00) C O    +0000000030    -0000000021    +0015     +0938     +0000     +0000     +0000     -0048 
3032 3025 STX  +0303,0(02) C O    +0000000030    -0000000021    +0015     +0938     +0000     +0000     +0000     -0048 
3033 3025 LDA  +0347,0(05) C O    +0000000030    -0000000021    +0015     +0938     +0000     +0000     +0000     -0048 
3034 3025 MUL  +0348,0(05) C O    +0000001952    -0000000021    +0015     +0938     +0000     +0000     +0000     -0048 
3035 3025 ADD  +0347,0(05) C O    +0000000488    +0000001952    +0015     +0938     +0000     +0000     +0000     -0048 
3036 3025 SUB  +0302,0(10) C O    +0000002440    +0000001952    +0015     +0938     +0000     +0000     +0000     -0048 
3037 3025 ADR1 -0002,0(03) C O    +0000002380    +0000001952    +0015     +0938     +0000     +0000     +0000     -0048 
3038 3025 ADRA +0006,1(00) C O    +0000002380    +0000001952    +0021     +0938     +0000     +0000     +0000     -0048 
3039 3025 SH   +0000,0(03) C O    +0000002468    +0000001952    +0021     +0938     +0000     +0000     +0000     -0048 
3040 3025 DIV  +0348,0(05) C O    +0000000000    +0000002468    +0021     +0938     +0000     +0000     +0000     -0048 
3041 3025 SH   +0000,0(02) C O    +0000000352    +0000000004    +0021     +0938     +0000     +0000     +0000     -0048 
3042 3025 ADRA -0000,1(01) C O    +0000000004    +0000000000    +0021     +0938     +0000     +0000     +0000     -0048 
3043 3025 JA   +0304,0(00) C O    -0000000013    +0000000000    +0021     +0938     +0000     +0000     +0000     -0048 
3048 3044 SPEC +0000,0(01) C O    -0000000013    +0000000000    +0021     +0938     +0000     +0000     +0000     -0048 
3049 3044 LDA  +0305,0(05) C O    -0511305630    +0511305697    +0021     +0938     +0000     +0000     +0000     -0048 
3050 3044 JBUS +0305,0(18) C O    +0021312077    +0511305697    +0021     +0938     +0000     +0000     +0000     -0048 
3051 3044 STA  +0306,0(05) C O    +0021312077    +0511305697    +0021     +0938     +0000     +0000     +0000     -0048 
3052 3044 STX  +0306,0(10) C O    +0021312077    +0511305697    +0021     +0938     +0000     +0000     +0000     -0048 
3053 3044 LDA  +0347,0(05) C O    +0021312077    +0511305697    +0021     +0938     +0000     +0000     +0000     -0048 
3054 3044 SPEC +0000,0(01) C O    +0000001952    +0511305697    +0021     +0938     +0000     +0000     +0000     -0048 
3055 3044 STX  +0306,0(05) C O    +0511305630    +0511604960    +0021     +0938     +0000     +0000     +0000     -0048 
3056 3044 OUT  +0306,0(18) C O    +0511305630    +0511604960    +0021     +0938     +0000     +0000     +0000     -0048 
3057 3044 JMP  +0308,0(00) C O    +0511305630    +0511604960    +0021     +0938     +0000     +0000     +0000     -0048 
3089 3058 ADR6 +0000,0(00) C O    +0511305630    +0511604960    +0021     +0938     +0000     +0000     +0000     -0048 
3090 3058 ADRX +0200,6(02) C O    +0511305630    +0511604960    +0021     +0938     +0000     +0000     +0000     -0047 
3091 3058 J6   +0300,0(05) C O    +0511305630    +0000001953    +0021     +0938     +0000     +0000     +0000     -0047 
3001 3092 STX  +0347,0(05) C O    +0511305630    +0000001953    +0021     +0938     +0000     +0000     +0000     -0047 
3002 3092 ADRA +0000,0(02) C O    +0511305630    +0000001953    +0021     +0938     +0000     +0000     +0000     -0047 
3003 3092 DIV  +0347,0(05) C O    +0000000000    +0000001953    +0021     +0938     +0000     +0000     +0000     -0047 
3004 3092 STX  +0301,0(02) C O    +0000000102    +0000000015    +0021     +0938     +0000     +0000     +0000     -0047 
3005 3092 LDA  +0347,0(05) C O    +0000000102    +0000000015    +0021     +0938     +0000     +0000     +0000     -0047 
3006 3092 MUL  +0347,0(05) C O    +0000001953    +0000000015    +0021     +0938     +0000     +0000     +0000     -0047 
3007 3092 ADRA +0006,0(00) C O    +0000000019    +0569084651    +0021     +0938     +0000     +0000     +0000     -0047 
3008 3092 STA  +0301,0(10) C O    +0000000080    +0569084651    +0021     +0938     +0000     +0000     +0000     -0047 
3009 3092 MUL  +0348,0(05) C O    +0000000080    +0569084651    +0021     +0938     +0000     +0000     +0000     -0047 
3010 3092 STA  +0302,0(10) C O    +0000000060    +0000000080    +0021     +0938     +0000     +0000     +0000     -0047 
3011 3092 ADRA +0008,0(02) C O    +0000000060    +0000000080    +0021     +0938     +0000     +0000     +0000     -0047 
3012 3092 MUL  +0348,0(05) C O    +0000000080    +0000000080    +0021     +0938     +0000     +0000     +0000     -0047 
3013 3092 ADR2 +0001,0(02) C O    +0000000025    +0644245120    +0021     +0938     +0000     +0000     +0000     -0047 
3014 3092 ADR1 +0000,2(02) C O    +0000000025    +0644245120    +0021     +0015     +0000     +0000     +0000     -0047 
3015 3092 ADR2 +0000,1(00) C O    +0000000025    +0644245120    +0016     +0015     +0000     +0000     +0000     -0047 
3016 3092 ADR2 +0000,2(00) C O    +0000000025    +0644245120    +0016     +0032     +0000     +0000     +0000     -0047 
3017 3092 ADR2 +0000,1(00) C O    +0000000025    +0644245120    +0016     +0064     +0000     +0000     +0000     -0047 
3018 3092 ADR2 +0000,2(00) C O    +0000000025    +0644245120    +0016     +0080     +0000     +0000     +0000     -0047 
3019 3092 ADR2 +0077,1(00) C O    +0000000025    +0644245120    +0016     +0160     +0000     +0000     +0000     -0047 
3020 3092 ADRA -0006,2(00) C O    +0000000025    +0644245120    +0016     +0949     +0000     +0000     +0000     -0047 
3021 3092 SH   +0000,0(03) C O    +0000000914    +0644245120    +0016     +0949     +0000     +0000     +0000     -0047 
3022 3092 DIV  +0348,0(05) C O    +0000000000    +0000000914    +0016     +0949     +0000     +0000     +0000     -0047 
3023 3092 ADRX +0002,0(01) C O    +0000000030    +0000000014    +0016     +0949     +0000     +0000     +0000     -0047 
3024 3092 JX   +0303,0(00) C O    +0000000030    -0000000010    +0016     +0949     +0000     +0000     +0000     -0047 
3032 3025 STX  +0303,0(02) C O    +0000000030    -0000000010    +0016     +0949     +0000     +0000     +0000     -0047 
3033 3025 LDA  +0347,0(05) C O    +0000000030    -0000000010    +0016     +0949     +0000     +0000     +0000     -0047 
3034 3025 MUL  +0348,0(05) C O    +0000001953    -0000000010    +0016     +0949     +0000     +0000     +0000     -0047 
3035 3025 ADD  +0347,0(05) C O    +0000000488    +0268437409    +0016     +0949     +0000     +0000     +0000     -0047 
3036 3025 SUB  +0302,0(10) C O    +0000002441    +0268437409    +0016     +0949     +0000     +0000     +0000     -0047 
3037 3025 ADR1 -0001,0(03) C O    +0000002381    +0268437409    +0016     +0949     +0000     +0000     +0000     -0047 
3038 3025 ADRA +0006,1(00) C O    +0000002381    +0268437409    +0010     +0949     +0000     +0000     +0000     -0047 
3039 3025 SH   +0000,0(03) C O    +0000002458    +0268437409    +0010     +0949     +0000     +0000     +0000     -0047 
3040 3025 DIV  +0348,0(05) C O    +0000000000    +0000002458    +0010     +0949     +0000     +0000     +0000     -0047 
3041 3025 SH   +0000,0(02) C O    +0000000351    +0000000001    +0010     +0949     +0000     +0000     +0000     -0047 
3042 3025 ADRA -0000,1(01) C O    +0000000001    +0000000000    +0010     +0949     +0000     +0000     +0000     -0047 
3043 3025 JA   +0304,0(00) C O    -0000000005    +0000000000    +0010     +0949     +0000     +0000     +0000     -0047 
3048 3044 SPEC +0000,0(01) C O    -0000000005    +0000000000    +0010     +0949     +0000     +0000     +0000     -0047 
3049 3044 LDA  +0305,0(05) C O    -0511305630    +0511305635    +0010     +0949     +0000     +0000     +0000     -0047 
3050 3044 JBUS +0305,0(18) C O    +0021312077    +0511305635    +0010     +0949     +0000     +0000     +0000     -0047 
3051 3044 STA  +0306,0(05) C O    +0021312077    +0511305635    +0010     +0949     +0000     +0000     +0000     -0047 
3052 3044 STX  +0306,0(10) C O    +0021312077    +0511305635    +0010     +0949     +0000     +0000     +0000     -0047 
3053 3044 LDA  +0347,0(05) C O    +0021312077    +0511305635    +0010     +0949     +0000     +0000     +0000     -0047 
3054 3044 SPEC +0000,0(01) C O    +0000001953    +0511305635    +0010     +0949     +0000     +0000     +0000     -0047 
3055 3044 STX  +0306,0(05) C O    +0511305630    +0511604961    +0010     +0949     +0000     +0000     +0000     -0047 
3056 3044 OUT  +0306,0(18) C O    +0511305630    +0511604961    +0010     +0949     +0000     +0000     +0000     -0047 
3057 3044 JMP  +0308,0(00) C O    +0511305630    +0511604961    +0010     +0949     +0000     +0000     +0000     -0047 
3089 3058 ADR6 +0000,0(00) C O    +0511305630    +0511604961    +0010     +0949     +0000     +0000     +0000     -0047 
3090 3058 ADRX +0200,6(02) C O    +0511305630    +0511604961    +0010     +0949     +0000     +0000     +0000     -0046 
3091 3058 J6   +0300,0(05) C O    +0511305630    +0000001954    +0010     +0949     +0000     +0000     +0000     -0046 
3001 3092 STX  +0347,0(05) C O    +0511305630    +0000001954    +0010     +0949     +0000     +0000     +0000     -0046 
3002 3092 ADRA +0000,0(02) C O    +0511305630    +0000001954    +0010     +0949     +0000     +0000     +0000     -0046 
3003 3092 DIV  +0347,0(05) C O    +0000000000    +0000001954    +0010     +0949     +0000     +0000     +0000     -0046 
3004 3092 STX  +0301,0(02) C O    +0000000102    +0000000016    +0010     +0949     +0000     +0000     +0000     -0046 
3005 3092 LDA  +0347,0(05) C O    +0000000102    +0000000016    +0010     +0949     +0000     +0000     +0000     -0046 
3006 3092 MUL  +0347,0(05) C O    +0000001954    +0000000016    +0010     +0949     +0000     +0000     +0000     -0046 
3007 3092 ADRA +0006,0(00) C O    +0000000019    +0579822070    +0010     +0949     +0000     +0000     +0000     -0046 
3008 3092 STA  +0301,0(10) C O    +0000000080    +0579822070    +0010     +0949     +0000     +0000     +0000     -0046 
3009 3092 MUL  +0348,0(05) C O    +0000000080    +0579822070    +0010     +0949     +0000     +0000     +0000     -0046 
3010 3092 STA  +0302,0(10) C O    +0000000060    +0000000080    +0010     +0949     +0000     +0000     +0000     -0046 
3011 3092 ADRA +0008,0(02) C O    +0000000060    +0000000080    +0010     +0949     +0000     +0000     +0000     -0046 
3012 3092 MUL  +0348,0(05) C O    +0000000080    +0000000080    +0010     +0949     +0000     +0000     +0000     -0046 
3013 3092 ADR2 +0001,0(02) C O    +0000000025    +0644245120    +0010     +0949     +0000     +0000     +0000     -0046 
3014 3092 ADR1 +0000,2(02) C O    +0000000025    +0644245120    +0010     +0016     +0000     +0000     +0000     -0046 
3015 3092 ADR2 +0000,1(00) C O    +0000000025    +0644245120    +0017     +0016     +0000     +0000     +0000     -0046 
3016 3092 ADR2 +0000,2(00) C O    +0000000025    +0644245120    +0017     +0034     +0000     +0000     +0000     -0046 
3017 3092 ADR2 +0000,1(00) C O    +0000000025    +0644245120    +0017     +0068     +0000     +0000     +0000     -0046 
3018 3092 ADR2 +0000,2(00) C O    +0000000025    +0644245120    +0017     +0085     +0000     +0000     +0000     -0046 
3019 3092 ADR2 +0077,1(00) C O    +0000000025    +0644245120    +0017     +0170     +0000     +0000     +0000     -0046 
3020 3092 ADRA -0006,2(00) C O    +0000000025    +0644245120    +0017     +0960     +0000     +0000     +0000     -0046 
3021 3092 SH   +0000,0(03) C O    +0000000925    +0644245120    +0017     +0960     +0000     +0000     +0000     -0046 
3022 3092 DIV  +0348,0(05) C O    +0000000000    +0000000925    +0017     +0960     +0000     +0000     +0000     -0046 
3023 3092 ADRX +0002,0(01) C O    +0000000030    +0000000025    +0017     +0960     +0000     +0000     +0000     -0046 
3024 3092 JX   +0303,0(00) C O    +0000000030    +0000000001    +0017     +0960     +0000     +0000     +0000     -0046 
3025 3092 ADRX +0000,0(01) C O    +0000000030    +0000000001    +0017     +0960     +0000     +0000     +0000     -0046 
3026 3092 JX   +0303,0(02) C O    +0000000030    +0000000000    +0017     +0960     +0000     +0000     +0000     -0046 
3027 3092 JX   +0303,0(00) C O    +0000000030    +0000000000    +0017     +0960     +0000     +0000     +0000     -0046 
3028 3092 ADR1 +0001,0(01) C O    +0000000030    +0000000000    +0017     +0960     +0000     +0000     +0000     -0046 
3029 3092 J1   +0303,0(05) C O    +0000000030    +0000000000    +0006     +0960     +0000     +0000     +0000     -0046 
3030 3092 ADRX +0000,0(00) C O    +0000000030    +0000000000    +0006     +0960     +0000     +0000     +0000     -0046 
3031 3092 ADRX +0002,0(01) C O    +0000000030    +0000000001    +0006     +0960     +0000     +0000     +0000     -0046 
3032 3092 STX  +0303,0(02) C O    +0000000030    -0000000028    +0006     +0960     +0000     +0000     +0000     -0046 
3033 3092 LDA  +0347,0(05) C O    +0000000030    -0000000028    +0006     +0960     +0000     +0000     +0000     -0046 
3034 3092 MUL  +0348,0(05) C O    +0000001954    -0000000028    +0006     +0960     +0000     +0000     +0000     -0046 
3035 3092 ADD  +0347,0(05) C O    +0000000488    +0536872866    +0006     +0960     +0000     +0000     +0000     -0046 
3036 3092 SUB  +0302,0(10) C O    +0000002442    +0536872866    +0006     +0960     +0000     +0000     +0000     -0046 
3037 3092 ADR1 -0002,0(03) C O    +0000002382    +0536872866    +0006     +0960     +0000     +0000     +0000     -0046 
3038 3092 ADRA +0006,1(00) C O    +0000002382    +0536872866    +0028     +0960     +0000     +0000     +0000     -0046 
3039 3092 SH   +0000,0(03) C O    +0000002477    +0536872866    +0028     +0960     +0000     +0000     +0000     -0046 
3040 3092 DIV  +0348,0(05) C O    +0000000000    +0000002477    +0028     +0960     +0000     +0000     +0000     -0046 
3041 3092 SH   +0000,0(02) C O    +0000000353    +0000000006    +0028     +0960     +0000     +0000     +0000     -0046 
3042 3092 ADRA -0000,1(01) C O    +0000000006    +0000000000    +0028     +0960     +0000     +0000     +0000     -0046 
3043 3092 JA   +0304,0(00) C O    -0000000018    +0000000000    +0028     +0960     +0000     +0000     +0000     -0046 
3048 3044 SPEC +0000,0(01) C O    -0000000018    +0000000000    +0028     +0960     +0000     +0000     +0000     -0046 
3049 3044 LDA  +0305,0(05) C O    -0511305630    +0511305702    +0028     +0960     +0000     +0000     +0000     -0046 
3050 3044 JBUS +0305,0(18) C O    +0021312077    +0511305702    +0028     +0960     +0000     +0000     +0000     -0046 
3051 3044 STA  +0306,0(05) C O    +0021312077    +0511305702    +0028     +0960     +0000     +0000     +0000     -0046 
3052 3044 STX  +0306,0(10) C O    +0021312077    +0511305702    +0028     +0960     +0000     +0000     +0000     -0046 
3053 3044 LDA  +0347,0(05) C O    +0021312077    +0511305702    +0028     +0960     +0000     +0000     +0000     -0046 
3054 3044 SPEC +0000,0(01) C O    +0000001954    +0511305702    +0028     +0960     +0000     +0000     +0000     -0046 
3055 3044 STX  +0306,0(05) C O    +0511305630    +0511604962    +0028     +0960     +0000     +0000     +0000     -0046 
3056 3044 OUT  +0306,0(18) C O    +0511305630    +0511604962    +0028     +0960     +0000     +0000     +0000     -0046 
3057 3044 JMP  +0308,0(00) C O    +0511305630    +0511604962    +0028     +0960     +0000     +0000     +0000     -0046 
3089 3058 ADR6 +0000,0(00) C O    +0511305630    +0511604962    +0028     +0960     +0000     +0000     +0000     -0046 
3090 3058 ADRX +0200,6(02) C O    +0511305630    +0511604962    +0028     +0960     +0000     +0000     +0000     -0045 
3091 3058 J6   +0300,0(05) C O    +0511305630    +0000001955    +0028     +0960     +0000     +0000     +0000     -0045 
3001 3092 STX  +0347,0(05) C O    +0511305630    +0000001955    +0028     +0960     +0000     +0000     +0000     -0045 
3002 3092 ADRA +0000,0(02) C O    +0511305630    +0000001955    +0028     +0960     +0000     +0000     +0000     -0045 
3003 3092 DIV  +0347,0(05) C O    +0000000000    +0000001955    +0028     +0960     +0000     +0000     +0000     -0045 
3004 3092 STX  +0301,0(02) C O    +0000000102    +0000000017    +0028     +0960     +0000     +0000     +0000     -0045 
3005 3092 LDA  +0347,0(05) C O    +0000000102    +0000000017    +0028     +0960     +0000     +0000     +0000     -0045 
3006 3092 MUL  +0347,0(05) C O    +0000001955    +0000000017    +0028     +0960     +0000     +0000     +0000     -0045 
3007 3092 ADRA +0006,0(00) C O    +0000000019    +0590559489    +0028     +0960     +0000     +0000     +0000     -0045 
3008 3092 STA  +0301,0(10) C O    +0000000080    +0590559489    +0028     +0960     +0000     +0000     +0000     -0045 
3009 3092 MUL  +0348,0(05) C O    +0000000080    +0590559489    +0028     +0960     +0000     +0000     +0000     -0045 
3010 3092 STA  +0302,0(10) C O    +0000000060    +0000000080    +0028     +0960     +0000     +0000     +0000     -0045 
3011 3092 ADRA +0008,0(02) C O    +0000000060    +0000000080    +0028     +0960     +0000     +0000     +0000     -0045 
3012 3092 MUL  +0348,0(05) C O    +0000000080    +0000000080    +0028     +0960     +0000     +0000     +0000     -0045 
3013 3092 ADR2 +0001,0(02) C O    +0000000025    +0644245120    +0028     +0960     +0000     +0000     +0000     -0045 
3014 3092 ADR1 +0000,2(02) C O    +0000000025    +0644245120    +0028     +0017     +0000     +0000     +0000     -0045 
3015 3092 ADR2 +0000,1(00) C O    +0000000025    +0644245120    +0018     +0017     +0000     +0000     +0000     -0045 
3016 3092 ADR2 +0000,2(00) C O    +0000000025    +0644245120    +0018     +0036     +0000     +0000     +0000     -0045 
3017 3092 ADR2 +0000,1(00) C O    +0000000025    +0644245120    +0018     +0072     +0000     +0000     +0000     -0045 
3018 3092 ADR2 +0000,2(00) C O    +0000000025    +0644245120    +0018     +0090     +0000     +0000     +0000     -0045 
3019 3092 ADR2 +0077,1(00) C O    +0000000025    +0644245120    +0018     +0180     +0000     +0000     +0000     -0045 
3020 3092 ADRA -0006,2(00) C O    +0000000025    +0644245120    +0018     +0971     +0000     +0000     +0000     -0045 
3021 3092 SH   +0000,0(03) C O    +0000000936    +0644245120    +0018     +0971     +0000     +0000     +0000     -0045 
3022 3092 DIV  +0348,0(05) C O    +0000000000    +0000000936    +0018     +0971     +0000     +0000     +0000     -0045 
3023 3092 ADRX +0002,0(01) C O    +0000000031    +0000000006    +0018     +0971     +0000     +0000     +0000     -0045 
3024 3092 JX   +0303,0(00) C O    +0000000031    -0000000018    +0018     +0971     +0000     +0000     +0000     -0045 
3032 3025 STX  +0303,0(02) C O    +0000000031    -0000000018    +0018     +0971     +0000     +0000     +0000     -0045 
3033 3025 LDA  +0347,0(05) C O    +0000000031    -0000000018    +0018     +0971     +0000     +0000     +0000     -0045 
3034 3025 MUL  +0348,0(05) C O    +0000001955    -0000000018    +0018     +0971     +0000     +0000     +0000     -0045 
3035 3025 ADD  +0347,0(05) C O    +0000000488    +0805308323    +0018     +0971     +0000     +0000     +0000     -0045 
3036 3025 SUB  +0302,0(10) C O    +0000002443    +0805308323    +0018     +0971     +0000     +0000     +0000     -0045 
3037 3025 ADR1 -0001,0(03) C O    +0000002383    +0805308323    +0018     +0971     +0000     +0000     +0000     -0045 
3038 3025 ADRA +0006,1(00) C O    +0000002383    +0805308323    +0018     +0971     +0000     +0000     +0000     -0045 
3039 3025 SH   +0000,0(03) C O    +0000002468    +0805308323    +0018     +0971     +0000     +0000     +0000     -0045 
3040 3025 DIV  +0348,0(05) C O    +0000000000    +0000002468    +0018     +0971     +0000     +0000     +0000     -0045 
3041 3025 SH   +0000,0(02) C O    +0000000352    +0000000004    +0018     +0971     +0000     +0000     +0000     -0045 
3042 3025 ADRA -0000,1(01) C O    +0000000004    +0000000000    +0018     +0971     +0000     +0000     +0000     -0045 
3043 3025 JA   +0304,0(00) C O    -0000000010    +0000000000    +0018     +0971     +0000     +0000     +0000     -0045 
3048 3044 SPEC +0000,0(01) C O    -0000000010    +0000000000    +0018     +0971     +0000     +0000     +0000     -0045 
3049 3044 LDA  +0305,0(05) C O    -0511305630    +0511305694    +0018     +0971     +0000     +0000     +0000     -0045 
3050 3044 JBUS +0305,0(18) C O    +0021312077    +0511305694    +0018     +0971     +0000     +0000     +0000     -0045 
3051 3044 STA  +0306,0(05) C O    +0021312077    +0511305694    +0018     +0971     +0000     +0000     +0000     -0045 
3052 3044 STX  +0306,0(10) C O    +0021312077    +0511305694    +0018     +0971     +0000     +0000     +0000     -0045 
3053 3044 LDA  +0347,0(05) C O    +0021312077    +0511305694    +0018     +0971     +0000     +0000     +0000     -0045 
3054 3044 SPEC +0000,0(01) C O    +0000001955    +0511305694    +0018     +0971     +0000     +0000     +0000     -0045 
3055 3044 STX  +0306,0(05) C O    +0511305630    +0511604963    +0018     +0971     +0000     +0000     +0000     -0045 
3056 3044 OUT  +0306,0(18) C O    +0511305630    +0511604963    +0018     +0971     +0000     +0000     +0000     -0045 
3057 3044 JMP  +0308,0(00) C O    +0511305630    +0511604963    +0018     +0971     +0000     +0000     +0000     -0045 
3089 3058 ADR6 +0000,0(00) C O    +0511305630    +0511604963    +0018     +0971     +0000     +0000     +0000     -0045 
3090 3058 ADRX +0200,6(02) C O    +0511305630    +0511604963    +0018     +0971     +0000     +0000     +0000     -0044 
3091 3058 J6   +0300,0(05) C O    +0511305630    +0000001956    +0018     +0971     +0000     +0000     +0000     -0044 
3001 3092 STX  +0347,0(05) C O    +0511305630    +0000001956    +0018     +0971     +0000     +0000     +0000     -0044 
3002 3092 ADRA +0000,0(02) C O    +0511305630    +0000001956    +0018     +0971     +0000     +0000     +0000     -0044 
3003 3092 DIV  +0347,0(05) C O    +0000000000    +0000001956    +0018     +0971     +0000     +0000     +0000     -0044 
3004 3092 STX  +0301,0(02) C O    +0000000102    +0000000018    +0018     +0971     +0000     +0000     +0000     -0044 
3005 3092 LDA  +0347,0(05) C O    +0000000102    +0000000018    +0018     +0971     +0000     +0000     +0000     -0044 
3006 3092 MUL  +0347,0(05) C O    +0000001956    +0000000018    +0018     +0971     +0000     +0000     +0000     -0044 
3007 3092 ADRA +0006,0(00) C O    +0000000019    +0601296908    +0018     +0971     +0000     +0000     +0000     -0044 
3008 3092 STA  +0301,0(10) C O    +0000000080    +0601296908    +0018     +0971     +0000     +0000     +0000     -0044 
3009 3092 MUL  +0348,0(05) C O    +0000000080    +0601296908    +0018     +0971     +0000     +0000     +0000     -0044 
3010 3092 STA  +0302,0(10) C O    +0000000060    +0000000080    +0018     +0971     +0000     +0000     +0000     -0044 
3011 3092 ADRA +0008,0(02) C O    +0000000060    +0000000080    +0018     +0971     +0000     +0000     +0000     -0044 
3012 3092 MUL  +0348,0(05) C O    +0000000080    +0000000080    +0018     +0971     +0000     +0000     +0000     -0044 
3013 3092 ADR2 +0001,0(02) C O    +0000000025    +0644245120    +0018     +0971     +0000     +0000     +0000     -0044 
3014 3092 ADR1 +0000,2(02) C O    +0000000025    +0644245120    +0018     +0018     +0000     +0000     +0000     -0044 
3015 3092 ADR2 +0000,1(00) C O    +0000000025    +0644245120    +0019     +0018     +0000     +0000     +0000     -0044 
3016 3092 ADR2 +0000,2(00) C O    +0000000025    +0644245120    +0019     +0038     +0000     +0000     +0000     -0044 
3017 3092 ADR2 +0000,1(00) C O    +0000000025    +0644245120    +0019     +0076     +0000     +0000     +0000     -0044 
3018 3092 ADR2 +0000,2(00) C O    +0000000025    +0644245120    +0019     +0095     +0000     +0000     +0000     -0044 
3019 3092 ADR2 +0077,1(00) C O    +0000000025    +0644245120    +0019     +0190     +0000     +0000     +0000     -0044 
3020 3092 ADRA -0006,2(00) C O    +0000000025    +0644245120    +0019     +0982     +0000     +0000     +0000     -0044 
3021 3092 SH   +0000,0(03) C O    +0000000947    +0644245120    +0019     +0982     +0000     +0000     +0000     -0044 
3022 3092 DIV  +0348,0(05) C O    +0000000000    +0000000947    +0019     +0982     +0000     +0000     +0000     -0044 
3023 3092 ADRX +0002,0(01) C O    +0000000031    +0000000017    +0019     +0982     +0000     +0000     +0000     -0044 
3024 3092 JX   +0303,0(00) C O    +0000000031    -0000000007    +0019     +0982     +0000     +0000     +0000     -0044 
3032 3025 STX  +0303,0(02) C O    +0000000031    -0000000007    +0019     +0982     +0000     +0000     +0000     -0044 
3033 3025 LDA  +0347,0(05) C O    +0000000031    -0000000007    +0019     +0982     +0000     +0000     +0000     -0044 
3034 3025 MUL  +0348,0(05) C O    +0000001956    -0000000007    +0019     +0982     +0000     +0000     +0000     -0044 
3035 3025 ADD  +0347,0(05) C O    +0000000489    +0000001956    +0019     +0982     +0000     +0000     +0000     -0044 
3036 3025 SUB  +0302,0(10) C O    +0000002445    +0000001956    +0019     +0982     +0000     +0000     +0000     -0044 
3037 3025 ADR1 -0000,0(03) C O    +0000002385    +0000001956    +0019     +0982     +0000     +0000     +0000     -0044 
3038 3025 ADRA +0006,1(00) C O    +0000002385    +0000001956    +0007     +0982     +0000     +0000     +0000     -0044 
3039 3025 SH   +0000,0(03) C O    +0000002459    +0000001956    +0007     +0982     +0000     +0000     +0000     -0044 
3040 3025 DIV  +0348,0(05) C O    +0000000000    +0000002459    +0007     +0982     +0000     +0000     +0000     -0044 
3041 3025 SH   +0000,0(02) C O    +0000000351    +0000000002    +0007     +0982     +0000     +0000     +0000     -0044 
3042 3025 ADRA -0000,1(01) C O    +0000000002    +0000000000    +0007     +0982     +0000     +0000     +0000     -0044 
3043 3025 JA   +0304,0(00) C O    -0000000001    +0000000000    +0007     +0982     +0000     +0000     +0000     -0044 
3048 3044 SPEC +0000,0(01) C O    -0000000001    +0000000000    +0007     +0982     +0000     +0000     +0000     -0044 
3049 3044 LDA  +0305,0(05) C O    -0511305630    +0511305631    +0007     +0982     +0000     +0000     +0000     -0044 
3050 3044 JBUS +0305,0(18) C O    +0021312077    +0511305631    +0007     +0982     +0000     +0000     +0000     -0044 
3051 3044 STA  +0306,0(05) C O    +0021312077    +0511305631    +0007     +0982     +0000     +0000     +0000     -0044 
3052 3044 STX  +0306,0(10) C O    +0021312077    +0511305631    +0007     +0982     +0000     +0000     +0000     -0044 
3053 3044 LDA  +0347,0(05) C O    +0021312077    +0511305631    +0007     +0982     +0000     +0000     +0000     -0044 
3054 3044 SPEC +0000,0(01) C O    +0000001956    +0511305631    +0007     +0982     +0000     +0000     +0000     -0044 
3055 3044 STX  +0306,0(05) C O    +0511305630    +0511604964    +0007     +0982     +0000     +0000     +0000     -0044 
3056 3044 OUT  +0306,0(18) C O    +0511305630    +0511604964    +0007     +0982     +0000     +0000     +0000     -0044 
3057 3044 JMP  +0308,0(00) C O    +0511305630    +0511604964    +0007     +0982     +0000     +0000     +0000     -0044 
3089 3058 ADR6 +0000,0(00) C O    +0511305630    +0511604964    +0007     +0982     +0000     +0000     +0000     -0044 
3090 3058 ADRX +0200,6(02) C O    +0511305630    +0511604964    +0007     +0982     +0000     +0000     +0000     -0043 
3091 3058 J6   +0300,0(05) C O    +0511305630    +0000001957    +0007     +0982     +0000     +0000     +0000     -0043 
3001 3092 STX  +0347,0(05) C O    +0511305630    +0000001957    +0007     +0982     +0000     +0000     +0000     -0043 
3002 3092 ADRA +0000,0(02) C O    +0511305630    +0000001957    +0007     +0982     +0000     +0000     +0000     -0043 
3003 3092 DIV  +0347,0(05) C O    +0000000000    +0000001957    +0007     +0982     +0000     +0000     +0000     -0043 
3004 3092 STX  +0301,0(02) C O    +0000000103    +0000000000    +0007     +0982     +0000     +0000     +0000     -0043 
3005 3092 LDA  +0347,0(05) C O    +0000000103    +0000000000    +0007     +0982     +0000     +0000     +0000     -0043 
3006 3092 MUL  +0347,0(05) C O    +0000001957    +0000000000    +0007     +0982     +0000     +0000     +0000     -0043 
3007 3092 ADRA +0006,0(00) C O    +0000000019    +0612034327    +0007     +0982     +0000     +0000     +0000     -0043 
3008 3092 STA  +0301,0(10) C O    +0000000080    +0612034327    +0007     +0982     +0000     +0000     +0000     -0043 
3009 3092 MUL  +0348,0(05) C O    +0000000080    +0612034327    +0007     +0982     +0000     +0000     +0000     -0043 
3010 3092 STA  +0302,0(10) C O    +0000000060    +0000000080    +0007     +0982     +0000     +0000     +0000     -0043 
3011 3092 ADRA +0008,0(02) C O    +0000000060    +0000000080    +0007     +0982     +0000     +0000     +0000     -0043 
3012 3092 MUL  +0348,0(05) C O    +0000000080    +0000000080    +0007     +0982     +0000     +0000     +0000     -0043 
3013 3092 ADR2 +0000,0(02) C O    +0000000025    +0644245120    +0007     +0982     +0000     +0000     +0000     -0043 
3014 3092 ADR1 +0000,2(02) C O    +0000000025    +0644245120    +0007     +0000     +0000     +0000     +0000     -0043 
3015 3092 ADR2 +0000,1(00) C O    +0000000025    +0644245120    +0001     +0000     +0000     +0000     +0000     -0043 
3016 3092 ADR2 +0000,2(00) C O    +0000000025    +0644245120    +0001     +0002     +0000     +0000     +0000     -0043 
3017 3092 ADR2 +0000,1(00) C O    +0000000025    +0644245120    +0001     +0004     +0000     +0000     +0000     -0043 
3018 3092 ADR2 +0000,2(00) C O    +0000000025    +0644245120    +0001     +0005     +0000     +0000     +0000     -0043 
3019 3092 ADR2 +0077,1(00) C O    +0000000025    +0644245120    +0001     +0010     +0000     +0000     +0000     -0043 
3020 3092 ADRA -0006,2(00) C O    +0000000025    +0644245120    +0001     +0784     +0000     +0000     +0000     -0043 
3021 3092 SH   +0000,0(03) C O    +0000000749    +0644245120    +0001     +0784     +0000     +0000     +0000     -0043 
