WELCOME TO MIX. 1U = 40NS. U16-U20 UART @115200 BAUD. U8 1000 BLOCKS  
WHAT AMOUNT <IN CENTS> DO YOU WANT MAX 220:                           
WHAT AMOUNT <IN CENTS> DO YOU WANT MAX 220:                           
00001  DLR: 000  HLF: 000  QTR: 000  DMS: 000 NCKL: 001  PNY: 095     
00002  DLR: 000  HLF: 000  QTR: 000  DMS: 000 NCKL: 002  PNY: 090     
00003  DLR: 000  HLF: 000  QTR: 000  DMS: 000 NCKL: 003  PNY: 085     
00004  DLR: 000  HLF: 000  QTR: 000  DMS: 000 NCKL: 004  PNY: 080     
00005  DLR: 000  HLF: 000  QTR: 000  DMS: 000 NCKL: 005  PNY: 075     
00006  DLR: 000  HLF: 000  QTR: 000  DMS: 000 NCKL: 006  PNY: 070     
00007  DLR: 000  HLF: 000  QTR: 000  DMS: 000 NCKL: 007  PNY: 065     
00008  DLR: 000  HLF: 000  QTR: 000  DMS: 000 NCKL: 008  PNY: 060     
00009  DLR: 000  HLF: 000  QTR: 000  DMS: 000 NCKL: 009  PNY: 055     
00010  DLR: 000  HLF: 000  QTR: 000  DMS: 000 NCKL: 010  PNY: 050     
00011  DLR: 000  HLF: 000  QTR: 000  DMS: 000 NCKL: 011  PNY: 045     
00012  DLR: 000  HLF: 000  QTR: 000  DMS: 000 NCKL: 012  PNY: 040     
00013  DLR: 000  HLF: 000  QTR: 000  DMS: 000 NCKL: 013  PNY: 035     
00014  DLR: 000  HLF: 000  QTR: 000  DMS: 000 NCKL: 014  PNY: 030     
00015  DLR: 000  HLF: 000  QTR: 000  DMS: 000 NCKL: 015  PNY: 025     
00016  DLR: 000  HLF: 000  QTR: 000  DMS: 000 NCKL: 016  PNY: 020     
00017  DLR: 000  HLF: 000  QTR: 000  DMS: 000 NCKL: 017  PNY: 015     
00018  DLR: 000  HLF: 000  QTR: 000  DMS: 000 NCKL: 018  PNY: 010     
00019  DLR: 000  HLF: 000  QTR: 000  DMS: 000 NCKL: 019  PNY: 005     
00020  DLR: 000  HLF: 000  QTR: 000  DMS: 000 NCKL: 020  PNY: 000     
00021  DLR: 000  HLF: 000  QTR: 000  DMS: 001 NCKL: 000  PNY: 090     
00022  DLR: 000  HLF: 000  QTR: 000  DMS: 001 NCKL: 001  PNY: 085     
00023  DLR: 000  HLF: 000  QTR: 000  DMS: 001 NCKL: 002  PNY: 080     
00024  DLR: 000  HLF: 000  QTR: 000  DMS: 001 NCKL: 003  PNY: 075     
00025  DLR: 000  HLF: 000  QTR: 000  DMS: 001 NCKL: 004  PNY: 070     
00026  DLR: 000  HLF: 000  QTR: 000  DMS: 001 NCKL: 005  PNY: 065     
00027  DLR: 000  HLF: 000  QTR: 000  DMS: 001 NCKL: 006  PNY: 060     
00028  DLR: 000  HLF: 000  QTR: 000  DMS: 001 NCKL: 007  PNY: 055     
00029  DLR: 000  HLF: 000  QTR: 000  DMS: 001 NCKL: 008  PNY: 050     
00030  DLR: 000  HLF: 000  QTR: 000  DMS: 001 NCKL: 009  PNY: 045     
00031  DLR: 000  HLF: 000  QTR: 000  DMS: 001 NCKL: 010  PNY: 040     
00032  DLR: 000  HLF: 000  QTR: 000  DMS: 001 NCKL: 011  PNY: 035     
00033  DLR: 000  HLF: 000  QTR: 000  DMS: 001 NCKL: 012  PNY: 030     
00034  DLR: 000  HLF: 000  QTR: 000  DMS: 001 NCKL: 013  PNY: 025     
00035  DLR: 000  HLF: 000  QTR: 000  DMS: 001 NCKL: 014  PNY: 020     
00036  DLR: 000  HLF: 000  QTR: 000  DMS: 001 NCKL: 015  PNY: 015     
00037  DLR: 000  HLF: 000  QTR: 000  DMS: 001 NCKL: 016  PNY: 010     
00038  DLR: 000  HLF: 000  QTR: 000  DMS: 001 NCKL: 017  PNY: 005     
00039  DLR: 000  HLF: 000  QTR: 000  DMS: 001 NCKL: 018  PNY: 000     
00040  DLR: 000  HLF: 000  QTR: 000  DMS: 002 NCKL: 000  PNY: 080     
00041  DLR: 000  HLF: 000  QTR: 000  DMS: 002 NCKL: 001  PNY: 075     
00042  DLR: 000  HLF: 000  QTR: 000  DMS: 002 NCKL: 002  PNY: 070     
00043  DLR: 000  HLF: 000  QTR: 000  DMS: 002 NCKL: 003  PNY: 065     
00044  DLR: 000  HLF: 000  QTR: 000  DMS: 002 NCKL: 004  PNY: 060     
00045  DLR: 000  HLF: 000  QTR: 000  DMS: 002 NCKL: 005  PNY: 055     
00046  DLR: 000  HLF: 000  QTR: 000  DMS: 002 NCKL: 006  PNY: 050     
00047  DLR: 000  HLF: 000  QTR: 000  DMS: 002 NCKL: 007  PNY: 045     
00048  DLR: 000  HLF: 000  QTR: 000  DMS: 002 NCKL: 008  PNY: 040     
00049  DLR: 000  HLF: 000  QTR: 000  DMS: 002 NCKL: 009  PNY: 035     
00050  DLR: 000  HLF: 000  QTR: 000  DMS: 002 NCKL: 010  PNY: 030     
00051  DLR: 000  HLF: 000  QTR: 000  DMS: 002 NCKL: 011  PNY: 025     
00052  DLR: 000  HLF: 000  QTR: 000  DMS: 002 NCKL: 012  PNY: 020     
00053  DLR: 000  HLF: 000  QTR: 000  DMS: 002 NCKL: 013  PNY: 015     
00054  DLR: 000  HLF: 000  QTR: 000  DMS: 002 NCKL: 014  PNY: 010     
00055  DLR: 000  HLF: 000  QTR: 000  DMS: 002 NCKL: 015  PNY: 005     
00056  DLR: 000  HLF: 000  QTR: 000  DMS: 002 NCKL: 016  PNY: 000     
00057  DLR: 000  HLF: 000  QTR: 000  DMS: 003 NCKL: 000  PNY: 070     
00058  DLR: 000  HLF: 000  QTR: 000  DMS: 003 NCKL: 001  PNY: 065     
00059  DLR: 000  HLF: 000  QTR: 000  DMS: 003 NCKL: 002  PNY: 060     
00060  DLR: 000  HLF: 000  QTR: 000  DMS: 003 NCKL: 003  PNY: 055     
00061  DLR: 000  HLF: 000  QTR: 000  DMS: 003 NCKL: 004  PNY: 050     
00062  DLR: 000  HLF: 000  QTR: 000  DMS: 003 NCKL: 005  PNY: 045     
00063  DLR: 000  HLF: 000  QTR: 000  DMS: 003 NCKL: 006  PNY: 040     
00064  DLR: 000  HLF: 000  QTR: 000  DMS: 003 NCKL: 007  PNY: 035     
00065  DLR: 000  HLF: 000  QTR: 000  DMS: 003 NCKL: 008  PNY: 030     
00066  DLR: 000  HLF: 000  QTR: 000  DMS: 003 NCKL: 009  PNY: 025     
00067  DLR: 000  HLF: 000  QTR: 000  DMS: 003 NCKL: 010  PNY: 020     
00068  DLR: 000  HLF: 000  QTR: 000  DMS: 003 NCKL: 011  PNY: 015     
00069  DLR: 000  HLF: 000  QTR: 000  DMS: 003 NCKL: 012  PNY: 010     
00070  DLR: 000  HLF: 000  QTR: 000  DMS: 003 NCKL: 013  PNY: 005     
00071  DLR: 000  HLF: 000  QTR: 000  DMS: 003 NCKL: 014  PNY: 000     
00072  DLR: 000  HLF: 000  QTR: 000  DMS: 004 NCKL: 000  PNY: 060     
00073  DLR: 000  HLF: 000  QTR: 000  DMS: 004 NCKL: 001  PNY: 055     
00074  DLR: 000  HLF: 000  QTR: 000  DMS: 004 NCKL: 002  PNY: 050     
00075  DLR: 000  HLF: 000  QTR: 000  DMS: 004 NCKL: 003  PNY: 045     
00076  DLR: 000  HLF: 000  QTR: 000  DMS: 004 NCKL: 004  PNY: 040     
00077  DLR: 000  HLF: 000  QTR: 000  DMS: 004 NCKL: 005  PNY: 035     
00078  DLR: 000  HLF: 000  QTR: 000  DMS: 004 NCKL: 006  PNY: 030     
00079  DLR: 000  HLF: 000  QTR: 000  DMS: 004 NCKL: 007  PNY: 025     
00080  DLR: 000  HLF: 000  QTR: 000  DMS: 004 NCKL: 008  PNY: 020     
00081  DLR: 000  HLF: 000  QTR: 000  DMS: 004 NCKL: 009  PNY: 015     
00082  DLR: 000  HLF: 000  QTR: 000  DMS: 004 NCKL: 010  PNY: 010     
00083  DLR: 000  HLF: 000  QTR: 000  DMS: 004 NCKL: 011  PNY: 005     
00084  DLR: 000  HLF: 000  QTR: 000  DMS: 004 NCKL: 012  PNY: 000     
00085  DLR: 000  HLF: 000  QTR: 000  DMS: 005 NCKL: 000  PNY: 050     
00086  DLR: 000  HLF: 000  QTR: 000  DMS: 005 NCKL: 001  PNY: 045     
00087  DLR: 000  HLF: 000  QTR: 000  DMS: 005 NCKL: 002  PNY: 040     
00088  DLR: 000  HLF: 000  QTR: 000  DMS: 005 NCKL: 003  PNY: 035     
00089  DLR: 000  HLF: 000  QTR: 000  DMS: 005 NCKL: 004  PNY: 030     
00090  DLR: 000  HLF: 000  QTR: 000  DMS: 005 NCKL: 005  PNY: 025     
00091  DLR: 000  HLF: 000  QTR: 000  DMS: 005 NCKL: 006  PNY: 020     
00092  DLR: 000  HLF: 000  QTR: 000  DMS: 005 NCKL: 007  PNY: 015     
00093  DLR: 000  HLF: 000  QTR: 000  DMS: 005 NCKL: 008  PNY: 010     
00094  DLR: 000  HLF: 000  QTR: 000  DMS: 005 NCKL: 009  PNY: 005     
00095  DLR: 000  HLF: 000  QTR: 000  DMS: 005 NCKL: 010  PNY: 000     
00096  DLR: 000  HLF: 000  QTR: 000  DMS: 006 NCKL: 000  PNY: 040     
00097  DLR: 000  HLF: 000  QTR: 000  DMS: 006 NCKL: 001  PNY: 035     
00098  DLR: 000  HLF: 000  QTR: 000  DMS: 006 NCKL: 002  PNY: 030     
00099  DLR: 000  HLF: 000  QTR: 000  DMS: 006 NCKL: 003  PNY: 025     
00100  DLR: 000  HLF: 000  QTR: 000  DMS: 006 NCKL: 004  PNY: 020     
00101  DLR: 000  HLF: 000  QTR: 000  DMS: 006 NCKL: 005  PNY: 015     
00102  DLR: 000  HLF: 000  QTR: 000  DMS: 006 NCKL: 006  PNY: 010     
00103  DLR: 000  HLF: 000  QTR: 000  DMS: 006 NCKL: 007  PNY: 005     
00104  DLR: 000  HLF: 000  QTR: 000  DMS: 006 NCKL: 008  PNY: 000     
00105  DLR: 000  HLF: 000  QTR: 000  DMS: 007 NCKL: 000  PNY: 030     
00106  DLR: 000  HLF: 000  QTR: 000  DMS: 007 NCKL: 001  PNY: 025     
00107  DLR: 000  HLF: 000  QTR: 000  DMS: 007 NCKL: 002  PNY: 020     
00108  DLR: 000  HLF: 000  QTR: 000  DMS: 007 NCKL: 003  PNY: 015     
00109  DLR: 000  HLF: 000  QTR: 000  DMS: 007 NCKL: 004  PNY: 010     
00110  DLR: 000  HLF: 000  QTR: 000  DMS: 007 NCKL: 005  PNY: 005     
00111  DLR: 000  HLF: 000  QTR: 000  DMS: 007 NCKL: 006  PNY: 000     
00112  DLR: 000  HLF: 000  QTR: 000  DMS: 008 NCKL: 000  PNY: 020     
00113  DLR: 000  HLF: 000  QTR: 000  DMS: 008 NCKL: 001  PNY: 015     
00114  DLR: 000  HLF: 000  QTR: 000  DMS: 008 NCKL: 002  PNY: 010     
00115  DLR: 000  HLF: 000  QTR: 000  DMS: 008 NCKL: 003  PNY: 005     
00116  DLR: 000  HLF: 000  QTR: 000  DMS: 008 NCKL: 004  PNY: 000     
00117  DLR: 000  HLF: 000  QTR: 000  DMS: 009 NCKL: 000  PNY: 010     
00118  DLR: 000  HLF: 000  QTR: 000  DMS: 009 NCKL: 001  PNY: 005     
00119  DLR: 000  HLF: 000  QTR: 000  DMS: 009 NCKL: 002  PNY: 000     
00120  DLR: 000  HLF: 000  QTR: 000  DMS: 010 NCKL: 000  PNY: 000     
00121  DLR: 000  HLF: 000  QTR: 001  DMS: 000 NCKL: 000  PNY: 075     
00122  DLR: 000  HLF: 000  QTR: 001  DMS: 000 NCKL: 001  PNY: 070     
00123  DLR: 000  HLF: 000  QTR: 001  DMS: 000 NCKL: 002  PNY: 065     
00124  DLR: 000  HLF: 000  QTR: 001  DMS: 000 NCKL: 003  PNY: 060     
00125  DLR: 000  HLF: 000  QTR: 001  DMS: 000 NCKL: 004  PNY: 055     
00126  DLR: 000  HLF: 000  QTR: 001  DMS: 000 NCKL: 005  PNY: 050     
00127  DLR: 000  HLF: 000  QTR: 001  DMS: 000 NCKL: 006  PNY: 045     
00128  DLR: 000  HLF: 000  QTR: 001  DMS: 000 NCKL: 007  PNY: 040     
00129  DLR: 000  HLF: 000  QTR: 001  DMS: 000 NCKL: 008  PNY: 035     
00130  DLR: 000  HLF: 000  QTR: 001  DMS: 000 NCKL: 009  PNY: 030     
00131  DLR: 000  HLF: 000  QTR: 001  DMS: 000 NCKL: 010  PNY: 025     
00132  DLR: 000  HLF: 000  QTR: 001  DMS: 000 NCKL: 011  PNY: 020     
00133  DLR: 000  HLF: 000  QTR: 001  DMS: 000 NCKL: 012  PNY: 015     
00134  DLR: 000  HLF: 000  QTR: 001  DMS: 000 NCKL: 013  PNY: 010     
00135  DLR: 000  HLF: 000  QTR: 001  DMS: 000 NCKL: 014  PNY: 005     
00136  DLR: 000  HLF: 000  QTR: 001  DMS: 000 NCKL: 015  PNY: 000     
00137  DLR: 000  HLF: 000  QTR: 001  DMS: 001 NCKL: 000  PNY: 065     
00138  DLR: 000  HLF: 000  QTR: 001  DMS: 001 NCKL: 001  PNY: 060     
00139  DLR: 000  HLF: 000  QTR: 001  DMS: 001 NCKL: 002  PNY: 055     
00140  DLR: 000  HLF: 000  QTR: 001  DMS: 001 NCKL: 003  PNY: 050     
00141  DLR: 000  HLF: 000  QTR: 001  DMS: 001 NCKL: 004  PNY: 045     
00142  DLR: 000  HLF: 000  QTR: 001  DMS: 001 NCKL: 005  PNY: 040     
00143  DLR: 000  HLF: 000  QTR: 001  DMS: 001 NCKL: 006  PNY: 035     
00144  DLR: 000  HLF: 000  QTR: 001  DMS: 001 NCKL: 007  PNY: 030     
00145  DLR: 000  HLF: 000  QTR: 001  DMS: 001 NCKL: 008  PNY: 025     
00146  DLR: 000  HLF: 000  QTR: 001  DMS: 001 NCKL: 009  PNY: 020     
00147  DLR: 000  HLF: 000  QTR: 001  DMS: 001 NCKL: 010  PNY: 015     
00148  DLR: 000  HLF: 000  QTR: 001  DMS: 001 NCKL: 011  PNY: 010     
00149  DLR: 000  HLF: 000  QTR: 001  DMS: 001 NCKL: 012  PNY: 005     
00150  DLR: 000  HLF: 000  QTR: 001  DMS: 001 NCKL: 013  PNY: 000     
00151  DLR: 000  HLF: 000  QTR: 001  DMS: 002 NCKL: 000  PNY: 055     
00152  DLR: 000  HLF: 000  QTR: 001  DMS: 002 NCKL: 001  PNY: 050     
00153  DLR: 000  HLF: 000  QTR: 001  DMS: 002 NCKL: 002  PNY: 045     
00154  DLR: 000  HLF: 000  QTR: 001  DMS: 002 NCKL: 003  PNY: 040     
00155  DLR: 000  HLF: 000  QTR: 001  DMS: 002 NCKL: 004  PNY: 035     
00156  DLR: 000  HLF: 000  QTR: 001  DMS: 002 NCKL: 005  PNY: 030     
00157  DLR: 000  HLF: 000  QTR: 001  DMS: 002 NCKL: 006  PNY: 025     
00158  DLR: 000  HLF: 000  QTR: 001  DMS: 002 NCKL: 007  PNY: 020     
00159  DLR: 000  HLF: 000  QTR: 001  DMS: 002 NCKL: 008  PNY: 015     
00160  DLR: 000  HLF: 000  QTR: 001  DMS: 002 NCKL: 009  PNY: 010     
00161  DLR: 000  HLF: 000  QTR: 001  DMS: 002 NCKL: 010  PNY: 005     
00162  DLR: 000  HLF: 000  QTR: 001  DMS: 002 NCKL: 011  PNY: 000     
00163  DLR: 000  HLF: 000  QTR: 001  DMS: 003 NCKL: 000  PNY: 045     
00164  DLR: 000  HLF: 000  QTR: 001  DMS: 003 NCKL: 001  PNY: 040     
00165  DLR: 000  HLF: 000  QTR: 001  DMS: 003 NCKL: 002  PNY: 035     
00166  DLR: 000  HLF: 000  QTR: 001  DMS: 003 NCKL: 003  PNY: 030     
00167  DLR: 000  HLF: 000  QTR: 001  DMS: 003 NCKL: 004  PNY: 025     
00168  DLR: 000  HLF: 000  QTR: 001  DMS: 003 NCKL: 005  PNY: 020     
00169  DLR: 000  HLF: 000  QTR: 001  DMS: 003 NCKL: 006  PNY: 015     
00170  DLR: 000  HLF: 000  QTR: 001  DMS: 003 NCKL: 007  PNY: 010     
00171  DLR: 000  HLF: 000  QTR: 001  DMS: 003 NCKL: 008  PNY: 005     
00172  DLR: 000  HLF: 000  QTR: 001  DMS: 003 NCKL: 009  PNY: 000     
00173  DLR: 000  HLF: 000  QTR: 001  DMS: 004 NCKL: 000  PNY: 035     
00174  DLR: 000  HLF: 000  QTR: 001  DMS: 004 NCKL: 001  PNY: 030     
00175  DLR: 000  HLF: 000  QTR: 001  DMS: 004 NCKL: 002  PNY: 025     
00176  DLR: 000  HLF: 000  QTR: 001  DMS: 004 NCKL: 003  PNY: 020     
00177  DLR: 000  HLF: 000  QTR: 001  DMS: 004 NCKL: 004  PNY: 015     
00178  DLR: 000  HLF: 000  QTR: 001  DMS: 004 NCKL: 005  PNY: 010     
00179  DLR: 000  HLF: 000  QTR: 001  DMS: 004 NCKL: 006  PNY: 005     
00180  DLR: 000  HLF: 000  QTR: 001  DMS: 004 NCKL: 007  PNY: 000     
00181  DLR: 000  HLF: 000  QTR: 001  DMS: 005 NCKL: 000  PNY: 025     
00182  DLR: 000  HLF: 000  QTR: 001  DMS: 005 NCKL: 001  PNY: 020     
00183  DLR: 000  HLF: 000  QTR: 001  DMS: 005 NCKL: 002  PNY: 015     
00184  DLR: 000  HLF: 000  QTR: 001  DMS: 005 NCKL: 003  PNY: 010     
00185  DLR: 000  HLF: 000  QTR: 001  DMS: 005 NCKL: 004  PNY: 005     
00186  DLR: 000  HLF: 000  QTR: 001  DMS: 005 NCKL: 005  PNY: 000     
00187  DLR: 000  HLF: 000  QTR: 001  DMS: 006 NCKL: 000  PNY: 015     
00188  DLR: 000  HLF: 000  QTR: 001  DMS: 006 NCKL: 001  PNY: 010     
00189  DLR: 000  HLF: 000  QTR: 001  DMS: 006 NCKL: 002  PNY: 005     
00190  DLR: 000  HLF: 000  QTR: 001  DMS: 006 NCKL: 003  PNY: 000     
00191  DLR: 000  HLF: 000  QTR: 001  DMS: 007 NCKL: 000  PNY: 005     
00192  DLR: 000  HLF: 000  QTR: 001  DMS: 007 NCKL: 001  PNY: 000     
00193  DLR: 000  HLF: 000  QTR: 002  DMS: 000 NCKL: 000  PNY: 050     
00194  DLR: 000  HLF: 000  QTR: 002  DMS: 000 NCKL: 001  PNY: 045     
00195  DLR: 000  HLF: 000  QTR: 002  DMS: 000 NCKL: 002  PNY: 040     
00196  DLR: 000  HLF: 000  QTR: 002  DMS: 000 NCKL: 003  PNY: 035     
00197  DLR: 000  HLF: 000  QTR: 002  DMS: 000 NCKL: 004  PNY: 030     
00198  DLR: 000  HLF: 000  QTR: 002  DMS: 000 NCKL: 005  PNY: 025     
00199  DLR: 000  HLF: 000  QTR: 002  DMS: 000 NCKL: 006  PNY: 020     
00200  DLR: 000  HLF: 000  QTR: 002  DMS: 000 NCKL: 007  PNY: 015     
00201  DLR: 000  HLF: 000  QTR: 002  DMS: 000 NCKL: 008  PNY: 010     
00202  DLR: 000  HLF: 000  QTR: 002  DMS: 000 NCKL: 009  PNY: 005     
00203  DLR: 000  HLF: 000  QTR: 002  DMS: 000 NCKL: 010  PNY: 000     
00204  DLR: 000  HLF: 000  QTR: 002  DMS: 001 NCKL: 000  PNY: 040     
00205  DLR: 000  HLF: 000  QTR: 002  DMS: 001 NCKL: 001  PNY: 035     
00206  DLR: 000  HLF: 000  QTR: 002  DMS: 001 NCKL: 002  PNY: 030     
00207  DLR: 000  HLF: 000  QTR: 002  DMS: 001 NCKL: 003  PNY: 025     
00208  DLR: 000  HLF: 000  QTR: 002  DMS: 001 NCKL: 004  PNY: 020     
00209  DLR: 000  HLF: 000  QTR: 002  DMS: 001 NCKL: 005  PNY: 015     
00210  DLR: 000  HLF: 000  QTR: 002  DMS: 001 NCKL: 006  PNY: 010     
00211  DLR: 000  HLF: 000  QTR: 002  DMS: 001 NCKL: 007  PNY: 005     
00212  DLR: 000  HLF: 000  QTR: 002  DMS: 001 NCKL: 008  PNY: 000     
00213  DLR: 000  HLF: 000  QTR: 002  DMS: 002 NCKL: 000  PNY: 030     
00214  DLR: 000  HLF: 000  QTR: 002  DMS: 002 NCKL: 001  PNY: 025     
00215  DLR: 000  HLF: 000  QTR: 002  DMS: 002 NCKL: 002  PNY: 020     
00216  DLR: 000  HLF: 000  QTR: 002  DMS: 002 NCKL: 003  PNY: 015     
00217  DLR: 000  HLF: 000  QTR: 002  DMS: 002 NCKL: 004  PNY: 010     
00218  DLR: 000  HLF: 000  QTR: 002  DMS: 002 NCKL: 005  PNY: 005     
00219  DLR: 000  HLF: 000  QTR: 002  DMS: 002 NCKL: 006  PNY: 000     
00220  DLR: 000  HLF: 000  QTR: 002  DMS: 003 NCKL: 000  PNY: 020     
00221  DLR: 000  HLF: 000  QTR: 002  DMS: 003 NCKL: 001  PNY: 015     
00222  DLR: 000  HLF: 000  QTR: 002  DMS: 003 NCKL: 002  PNY: 010     
00223  DLR: 000  HLF: 000  QTR: 002  DMS: 003 NCKL: 003  PNY: 005     
00224  DLR: 000  HLF: 000  QTR: 002  DMS: 003 NCKL: 004  PNY: 000     
00225  DLR: 000  HLF: 000  QTR: 002  DMS: 004 NCKL: 000  PNY: 010     
00226  DLR: 000  HLF: 000  QTR: 002  DMS: 004 NCKL: 001  PNY: 005     
00227  DLR: 000  HLF: 000  QTR: 002  DMS: 004 NCKL: 002  PNY: 000     
00228  DLR: 000  HLF: 000  QTR: 002  DMS: 005 NCKL: 000  PNY: 000     
00229  DLR: 000  HLF: 000  QTR: 003  DMS: 000 NCKL: 000  PNY: 025     
00230  DLR: 000  HLF: 000  QTR: 003  DMS: 000 NCKL: 001  PNY: 020     
00231  DLR: 000  HLF: 000  QTR: 003  DMS: 000 NCKL: 002  PNY: 015     
00232  DLR: 000  HLF: 000  QTR: 003  DMS: 000 NCKL: 003  PNY: 010     
00233  DLR: 000  HLF: 000  QTR: 003  DMS: 000 NCKL: 004  PNY: 005     
00234  DLR: 000  HLF: 000  QTR: 003  DMS: 000 NCKL: 005  PNY: 000     
00235  DLR: 000  HLF: 000  QTR: 003  DMS: 001 NCKL: 000  PNY: 015     
00236  DLR: 000  HLF: 000  QTR: 003  DMS: 001 NCKL: 001  PNY: 010     
00237  DLR: 000  HLF: 000  QTR: 003  DMS: 001 NCKL: 002  PNY: 005     
00238  DLR: 000  HLF: 000  QTR: 003  DMS: 001 NCKL: 003  PNY: 000     
00239  DLR: 000  HLF: 000  QTR: 003  DMS: 002 NCKL: 000  PNY: 005     
00240  DLR: 000  HLF: 000  QTR: 003  DMS: 002 NCKL: 001  PNY: 000     
00241  DLR: 000  HLF: 000  QTR: 004  DMS: 000 NCKL: 000  PNY: 000     
00242  DLR: 000  HLF: 001  QTR: 000  DMS: 000 NCKL: 000  PNY: 050     
00243  DLR: 000  HLF: 001  QTR: 000  DMS: 000 NCKL: 001  PNY: 045     
00244  DLR: 000  HLF: 001  QTR: 000  DMS: 000 NCKL: 002  PNY: 040     
00245  DLR: 000  HLF: 001  QTR: 000  DMS: 000 NCKL: 003  PNY: 035     
00246  DLR: 000  HLF: 001  QTR: 000  DMS: 000 NCKL: 004  PNY: 030     
00247  DLR: 000  HLF: 001  QTR: 000  DMS: 000 NCKL: 005  PNY: 025     
00248  DLR: 000  HLF: 001  QTR: 000  DMS: 000 NCKL: 006  PNY: 020     
00249  DLR: 000  HLF: 001  QTR: 000  DMS: 000 NCKL: 007  PNY: 015     
00250  DLR: 000  HLF: 001  QTR: 000  DMS: 000 NCKL: 008  PNY: 010     
00251  DLR: 000  HLF: 001  QTR: 000  DMS: 000 NCKL: 009  PNY: 005     
00252  DLR: 000  HLF: 001  QTR: 000  DMS: 000 NCKL: 010  PNY: 000     
00253  DLR: 000  HLF: 001  QTR: 000  DMS: 001 NCKL: 000  PNY: 040     
00254  DLR: 000  HLF: 001  QTR: 000  DMS: 001 NCKL: 001  PNY: 035     
00255  DLR: 000  HLF: 001  QTR: 000  DMS: 001 NCKL: 002  PNY: 030     
00256  DLR: 000  HLF: 001  QTR: 000  DMS: 001 NCKL: 003  PNY: 025     
00257  DLR: 000  HLF: 001  QTR: 000  DMS: 001 NCKL: 004  PNY: 020     
00258  DLR: 000  HLF: 001  QTR: 000  DMS: 001 NCKL: 005  PNY: 015     
00259  DLR: 000  HLF: 001  QTR: 000  DMS: 001 NCKL: 006  PNY: 010     
00260  DLR: 000  HLF: 001  QTR: 000  DMS: 001 NCKL: 007  PNY: 005     
00261  DLR: 000  HLF: 001  QTR: 000  DMS: 001 NCKL: 008  PNY: 000     
00262  DLR: 000  HLF: 001  QTR: 000  DMS: 002 NCKL: 000  PNY: 030     
00263  DLR: 000  HLF: 001  QTR: 000  DMS: 002 NCKL: 001  PNY: 025     
00264  DLR: 000  HLF: 001  QTR: 000  DMS: 002 NCKL: 002  PNY: 020     
00265  DLR: 000  HLF: 001  QTR: 000  DMS: 002 NCKL: 003  PNY: 015     
00266  DLR: 000  HLF: 001  QTR: 000  DMS: 002 NCKL: 004  PNY: 010     
00267  DLR: 000  HLF: 001  QTR: 000  DMS: 002 NCKL: 005  PNY: 005     
00268  DLR: 000  HLF: 001  QTR: 000  DMS: 002 NCKL: 006  PNY: 000     
00269  DLR: 000  HLF: 001  QTR: 000  DMS: 003 NCKL: 000  PNY: 020     
00270  DLR: 000  HLF: 001  QTR: 000  DMS: 003 NCKL: 001  PNY: 015     
00271  DLR: 000  HLF: 001  QTR: 000  DMS: 003 NCKL: 002  PNY: 010     
00272  DLR: 000  HLF: 001  QTR: 000  DMS: 003 NCKL: 003  PNY: 005     
00273  DLR: 000  HLF: 001  QTR: 000  DMS: 003 NCKL: 004  PNY: 000     
00274  DLR: 000  HLF: 001  QTR: 000  DMS: 004 NCKL: 000  PNY: 010     
00275  DLR: 000  HLF: 001  QTR: 000  DMS: 004 NCKL: 001  PNY: 005     
00276  DLR: 000  HLF: 001  QTR: 000  DMS: 004 NCKL: 002  PNY: 000     
00277  DLR: 000  HLF: 001  QTR: 000  DMS: 005 NCKL: 000  PNY: 000     
00278  DLR: 000  HLF: 001  QTR: 001  DMS: 000 NCKL: 000  PNY: 025     
00279  DLR: 000  HLF: 001  QTR: 001  DMS: 000 NCKL: 001  PNY: 020     
00280  DLR: 000  HLF: 001  QTR: 001  DMS: 000 NCKL: 002  PNY: 015     
00281  DLR: 000  HLF: 001  QTR: 001  DMS: 000 NCKL: 003  PNY: 010     
00282  DLR: 000  HLF: 001  QTR: 001  DMS: 000 NCKL: 004  PNY: 005     
00283  DLR: 000  HLF: 001  QTR: 001  DMS: 000 NCKL: 005  PNY: 000     
00284  DLR: 000  HLF: 001  QTR: 001  DMS: 001 NCKL: 000  PNY: 015     
00285  DLR: 000  HLF: 001  QTR: 001  DMS: 001 NCKL: 001  PNY: 010     
00286  DLR: 000  HLF: 001  QTR: 001  DMS: 001 NCKL: 002  PNY: 005     
00287  DLR: 000  HLF: 001  QTR: 001  DMS: 001 NCKL: 003  PNY: 000     
00288  DLR: 000  HLF: 001  QTR: 001  DMS: 002 NCKL: 000  PNY: 005     
00289  DLR: 000  HLF: 001  QTR: 001  DMS: 002 NCKL: 001  PNY: 000     
00290  DLR: 000  HLF: 001  QTR: 002  DMS: 000 NCKL: 000  PNY: 000     
00291  DLR: 000  HLF: 002  QTR: 000  DMS: 000 NCKL: 000  PNY: 000     
00292  DLR: 001  HLF: 000  QTR: 000  DMS: 000 NCKL: 000  PNY: 000     
00293  DLR: 001  HLF: 000  QTR: 000  DMS: 000 NCKL: 000  PNY: 000     
